<?xml version="1.0" encoding="UTF-8"?>
<!-- Generated by org.testng.reporters.JUnitReportReporter -->
<testsuite hostname="Manisha_Lappy" failures="0" tests="1" name="com.qa.tests.GET_Request" time="4.418" errors="0" timestamp="2023-01-13T10:41:16 EST" skipped="0">
  <testcase classname="com.qa.tests.GET_Request" name="getWeatherDetails" time="4.418"/>
  <system-out/>
</testsuite> <!-- com.qa.tests.GET_Request -->
